{
  "stats": {
    "suites": 0,
    "tests": 1,
    "passes": 0,
    "pending": 0,
    "failures": 1,
    "start": "2021-02-06T13:46:48.256Z",
    "end": "2021-02-06T13:46:49.083Z",
    "duration": 827,
    "testsRegistered": 1,
    "passPercent": 0,
    "pendingPercent": 0,
    "other": 0,
    "hasOther": false,
    "skipped": 0,
    "hasSkipped": false
  },
  "results": [
    {
      "uuid": "0a0f70c0-ce26-4851-85cb-604245c6d130",
      "title": "",
      "fullFile": "cypress\\integration\\test_spec.js",
      "file": "cypress\\integration\\test_spec.js",
      "beforeHooks": [],
      "afterHooks": [],
      "tests": [
        {
          "title": "An uncaught error was detected outside of a test",
          "fullTitle": "An uncaught error was detected outside of a test",
          "timedOut": null,
          "duration": 651,
          "state": "failed",
          "speed": null,
          "pass": false,
          "fail": true,
          "pending": false,
          "context": "{\n  \"title\": \"Failed screenshot\",\n  \"value\": \"screenshots\\\\test_spec.js\\\\An uncaught error was detected outside of a test (failed).png\"\n}",
          "code": "throw err;",
          "err": {
            "message": "TypeError: The following error originated from your test code, not from Cypress.\n\n  > _login_page.LoginPage is not a constructor\n\nWhen Cypress detects uncaught errors originating from your test code it will automatically fail the current test.\n\nCypress could not associate this error to any specific test.\n\nWe dynamically generated a new test to display this failure.",
            "estack": "TypeError: The following error originated from your test code, not from Cypress.\n\n  > _login_page.LoginPage is not a constructor\n\nWhen Cypress detects uncaught errors originating from your test code it will automatically fail the current test.\n\nCypress could not associate this error to any specific test.\n\nWe dynamically generated a new test to display this failure.\n    at Suite.eval (http://localhost:56013/__cypress/tests?p=cypress\\integration\\test_spec.js:165:19)\n    at Object../cypress/integration/test_spec.js (http://localhost:56013/__cypress/tests?p=cypress\\integration\\test_spec.js:164:1)\n    at __webpack_require__ (http://localhost:56013/__cypress/tests?p=cypress\\integration\\test_spec.js:20:30)\n    at Object.0 (http://localhost:56013/__cypress/tests?p=cypress\\integration\\test_spec.js:326:18)\n    at __webpack_require__ (http://localhost:56013/__cypress/tests?p=cypress\\integration\\test_spec.js:20:30)\n    at eval (http://localhost:56013/__cypress/tests?p=cypress\\integration\\test_spec.js:84:18)\n    at eval (http://localhost:56013/__cypress/tests?p=cypress\\integration\\test_spec.js:87:10)\n    at eval (<anonymous>)",
            "diff": null
          },
          "uuid": "695b3ee6-c791-44f2-9a49-259288ce8193",
          "parentUUID": "0a0f70c0-ce26-4851-85cb-604245c6d130",
          "isHook": false,
          "skipped": false
        }
      ],
      "suites": [],
      "passes": [],
      "failures": [
        "695b3ee6-c791-44f2-9a49-259288ce8193"
      ],
      "pending": [],
      "skipped": [],
      "duration": 651,
      "root": true,
      "rootEmpty": false,
      "_timeout": 2000
    }
  ],
  "meta": {
    "mocha": {
      "version": "7.0.1"
    },
    "mochawesome": {
      "options": {
        "quiet": false,
        "reportFilename": "mochawesome",
        "saveHtml": false,
        "saveJson": true,
        "consoleReporter": "spec",
        "useInlineDiffs": false,
        "code": true
      },
      "version": "6.2.1"
    },
    "marge": {
      "options": {
        "reportDir": "cypress/results/json",
        "overwrite": false,
        "html": false,
        "json": true
      },
      "version": "5.1.0"
    }
  }
}